
> indonesia-answer-nextjs@1.0.0 dev
> next dev


> indonesia-answer-nextjs@1.0.0 dev
> next dev


> indonesia-answer-nextjs@1.0.0 dev
> next dev


> indonesia-answer-nextjs@1.0.0 dev
> next dev


> indonesia-answer-nextjs@1.0.0 dev
> next dev


> indonesia-answer-nextjs@1.0.0 dev
> next dev


> indonesia-answer-nextjs@1.0.0 dev
> next dev

   ▲ Next.js 14.0.3
   - Local:        http://localhost:3000

 ✓ Ready in 2.5s

> indonesia-answer-nextjs@1.0.0 dev
> next dev

[?25h

> indonesia-answer-nextjs@1.0.0 dev
> next dev

[?25h

> indonesia-answer-nextjs@1.0.0 dev
> next dev

[?25h

> indonesia-answer-nextjs@1.0.0 dev
> next dev

[?25h

> indonesia-answer-nextjs@1.0.0 dev
> next dev

[?25h

> indonesia-answer-nextjs@1.0.0 dev
> next dev

[?25h

> indonesia-answer-nextjs@1.0.0 dev
> next dev

[?25h

> indonesia-answer-nextjs@1.0.0 dev
> next dev

[?25h

> indonesia-answer-nextjs@1.0.0 dev
> next dev

[?25h

> indonesia-answer-nextjs@1.0.0 dev
> next dev

[?25h

> indonesia-answer-nextjs@1.0.0 dev
> next dev

[?25h

> indonesia-answer-nextjs@1.0.0 dev
> next dev

[?25h

> indonesia-answer-nextjs@1.0.0 dev
> next dev

[?25h

> indonesia-answer-nextjs@1.0.0 dev
> next dev

[?25h

> indonesia-answer-nextjs@1.0.0 dev
> next dev

[?25h

> indonesia-answer-nextjs@1.0.0 dev
> next dev

[?25h

> indonesia-answer-nextjs@1.0.0 dev
> next dev

[?25h

> indonesia-answer-nextjs@1.0.0 dev
> next dev

[?25h

> indonesia-answer-nextjs@1.0.0 dev
> next dev

[?25h

> indonesia-answer-nextjs@1.0.0 dev
> next dev

[?25h

> indonesia-answer-nextjs@1.0.0 dev
> next dev

[?25h

> indonesia-answer-nextjs@1.0.0 dev
> next dev

[?25h

> indonesia-answer-nextjs@1.0.0 dev
> next dev

[?25h

> indonesia-answer-nextjs@1.0.0 dev
> next dev

[?25h

> indonesia-answer-nextjs@1.0.0 dev
> next dev

